2019-12-08 12:02:31 [scrapy.utils.log] INFO: Scrapy 1.8.0 started (bot: study_day14_scrapy01)
2019-12-08 12:02:31 [scrapy.utils.log] INFO: Versions: lxml 4.4.2.0, libxml2 2.9.5, cssselect 1.1.0, parsel 1.5.2, w3lib 1.21.0, Twisted 19.10.0, Python 3.7.4 (tags/v3.7.4:e09359112e, Jul  8 2019, 20:34:20) [MSC v.1916 64 bit (AMD64)], pyOpenSSL 19.1.0 (OpenSSL 1.1.1d  10 Sep 2019), cryptography 2.8, Platform Windows-10-10.0.18362-SP0
2019-12-08 12:02:31 [scrapy.crawler] INFO: Overridden settings: {'BOT_NAME': 'study_day14_scrapy01', 'LOG_FILE': './log.log', 'LOG_LEVEL': 'INFO', 'NEWSPIDER_MODULE': 'study_day14_scrapy01.spiders', 'ROBOTSTXT_OBEY': True, 'SPIDER_MODULES': ['study_day14_scrapy01.spiders']}
2019-12-08 12:02:31 [scrapy.extensions.telnet] INFO: Telnet Password: 088a01976d13c26c
2019-12-08 12:02:31 [scrapy.middleware] INFO: Enabled extensions:
['scrapy.extensions.corestats.CoreStats',
 'scrapy.extensions.telnet.TelnetConsole',
 'scrapy.extensions.logstats.LogStats']
2019-12-08 12:02:32 [scrapy.middleware] INFO: Enabled downloader middlewares:
['scrapy.downloadermiddlewares.robotstxt.RobotsTxtMiddleware',
 'scrapy.downloadermiddlewares.httpauth.HttpAuthMiddleware',
 'scrapy.downloadermiddlewares.downloadtimeout.DownloadTimeoutMiddleware',
 'scrapy.downloadermiddlewares.defaultheaders.DefaultHeadersMiddleware',
 'scrapy.downloadermiddlewares.useragent.UserAgentMiddleware',
 'scrapy.downloadermiddlewares.retry.RetryMiddleware',
 'scrapy.downloadermiddlewares.redirect.MetaRefreshMiddleware',
 'scrapy.downloadermiddlewares.httpcompression.HttpCompressionMiddleware',
 'scrapy.downloadermiddlewares.redirect.RedirectMiddleware',
 'scrapy.downloadermiddlewares.cookies.CookiesMiddleware',
 'scrapy.downloadermiddlewares.httpproxy.HttpProxyMiddleware',
 'scrapy.downloadermiddlewares.stats.DownloaderStats']
2019-12-08 12:02:32 [scrapy.middleware] INFO: Enabled spider middlewares:
['scrapy.spidermiddlewares.httperror.HttpErrorMiddleware',
 'scrapy.spidermiddlewares.offsite.OffsiteMiddleware',
 'scrapy.spidermiddlewares.referer.RefererMiddleware',
 'scrapy.spidermiddlewares.urllength.UrlLengthMiddleware',
 'scrapy.spidermiddlewares.depth.DepthMiddleware']
2019-12-08 12:02:32 [scrapy.middleware] INFO: Enabled item pipelines:
['study_day14_scrapy01.pipelines.StudyDay14Scrapy01Pipeline',
 'study_day14_scrapy01.pipelines.StudyDay14Scrapy01Pipeline1']
2019-12-08 12:02:32 [scrapy.core.engine] INFO: Spider opened
2019-12-08 12:02:32 [scrapy.extensions.logstats] INFO: Crawled 0 pages (at 0 pages/min), scraped 0 items (at 0 items/min)
2019-12-08 12:02:32 [scrapy.extensions.telnet] INFO: Telnet console listening on 127.0.0.1:6023
2019-12-08 12:02:32 [study_day14_scrapy01.spiders.itcast] INFO: {'name': '刘老师', 'title': '高级讲师'}
2019-12-08 12:02:32 [study_day14_scrapy01.spiders.itcast] INFO: {'name': '李老师', 'title': '高级讲师'}
2019-12-08 12:02:32 [study_day14_scrapy01.spiders.itcast] INFO: {'name': '刘老师', 'title': '高级讲师'}
2019-12-08 12:02:32 [study_day14_scrapy01.spiders.itcast] INFO: {'name': '许老师', 'title': '高级讲师'}
2019-12-08 12:02:32 [study_day14_scrapy01.spiders.itcast] INFO: {'name': '项老师', 'title': '高级讲师'}
2019-12-08 12:02:32 [study_day14_scrapy01.spiders.itcast] INFO: {'name': '朱老师', 'title': '高级讲师'}
2019-12-08 12:02:32 [study_day14_scrapy01.spiders.itcast] INFO: {'name': '赵老师', 'title': '高级讲师'}
2019-12-08 12:02:32 [study_day14_scrapy01.spiders.itcast] INFO: {'name': '王老师', 'title': '高级讲师'}
2019-12-08 12:02:32 [study_day14_scrapy01.spiders.itcast] INFO: {'name': '张老师', 'title': '高级讲师'}
2019-12-08 12:02:32 [study_day14_scrapy01.spiders.itcast] INFO: {'name': '李老师', 'title': '高级讲师'}
2019-12-08 12:02:32 [study_day14_scrapy01.spiders.itcast] INFO: {'name': '刘老师', 'title': '高级讲师'}
2019-12-08 12:02:32 [study_day14_scrapy01.spiders.itcast] INFO: {'name': '毛老师', 'title': '高级讲师'}
2019-12-08 12:02:32 [study_day14_scrapy01.spiders.itcast] INFO: {'name': '恩老师', 'title': '高级讲师'}
2019-12-08 12:02:32 [study_day14_scrapy01.spiders.itcast] INFO: {'name': '石老师', 'title': '高级讲师'}
2019-12-08 12:02:32 [study_day14_scrapy01.spiders.itcast] INFO: {'name': '庄老师', 'title': '高级讲师'}
2019-12-08 12:02:32 [study_day14_scrapy01.spiders.itcast] INFO: {'name': '查老师', 'title': '高级讲师'}
2019-12-08 12:02:32 [study_day14_scrapy01.spiders.itcast] INFO: {'name': '王老师', 'title': '高级讲师'}
2019-12-08 12:02:32 [study_day14_scrapy01.spiders.itcast] INFO: {'name': '龙老师', 'title': '高级讲师'}
2019-12-08 12:02:32 [study_day14_scrapy01.spiders.itcast] INFO: {'name': '侯老师', 'title': '高级讲师'}
2019-12-08 12:02:32 [study_day14_scrapy01.spiders.itcast] INFO: {'name': '王老师', 'title': '高级讲师'}
2019-12-08 12:02:32 [study_day14_scrapy01.spiders.itcast] INFO: {'name': '裴老师', 'title': '高级讲师'}
2019-12-08 12:02:32 [study_day14_scrapy01.spiders.itcast] INFO: {'name': '孙老师', 'title': '高级讲师'}
2019-12-08 12:02:32 [study_day14_scrapy01.spiders.itcast] INFO: {'name': '吴老师', 'title': '高级讲师'}
2019-12-08 12:02:32 [study_day14_scrapy01.spiders.itcast] INFO: {'name': '张老师', 'title': '高级讲师'}
2019-12-08 12:02:32 [study_day14_scrapy01.spiders.itcast] INFO: {'name': '李老师', 'title': '高级讲师'}
2019-12-08 12:02:32 [study_day14_scrapy01.spiders.itcast] INFO: {'name': '肖老师', 'title': '高级讲师'}
2019-12-08 12:02:32 [study_day14_scrapy01.spiders.itcast] INFO: {'name': '唐老师', 'title': '高级讲师'}
2019-12-08 12:02:32 [study_day14_scrapy01.spiders.itcast] INFO: {'name': '肖老师', 'title': '高级讲师'}
2019-12-08 12:02:32 [study_day14_scrapy01.spiders.itcast] INFO: {'name': '覃老师', 'title': '高级讲师'}
2019-12-08 12:02:32 [study_day14_scrapy01.spiders.itcast] INFO: {'name': '吴老师', 'title': '高级讲师'}
2019-12-08 12:02:32 [study_day14_scrapy01.spiders.itcast] INFO: {'name': '梁老师', 'title': '高级讲师'}
2019-12-08 12:02:32 [study_day14_scrapy01.spiders.itcast] INFO: {'name': '张老师', 'title': '高级讲师'}
2019-12-08 12:02:32 [study_day14_scrapy01.spiders.itcast] INFO: {'name': '王老师', 'title': '高级讲师'}
2019-12-08 12:02:32 [study_day14_scrapy01.spiders.itcast] INFO: {'name': '吴老师', 'title': '高级讲师'}
2019-12-08 12:02:32 [study_day14_scrapy01.spiders.itcast] INFO: {'name': '孙老师', 'title': '高级讲师'}
2019-12-08 12:02:32 [study_day14_scrapy01.spiders.itcast] INFO: {'name': '李老师', 'title': '高级讲师'}
2019-12-08 12:02:32 [study_day14_scrapy01.spiders.itcast] INFO: {'name': '王老师', 'title': '高级讲师'}
2019-12-08 12:02:32 [study_day14_scrapy01.spiders.itcast] INFO: {'name': '陈老师', 'title': '高级讲师'}
2019-12-08 12:02:32 [study_day14_scrapy01.spiders.itcast] INFO: {'name': ' 金老师', 'title': '高级讲师'}
2019-12-08 12:02:32 [study_day14_scrapy01.spiders.itcast] INFO: {'name': '邢老师', 'title': '高级讲师'}
2019-12-08 12:02:32 [study_day14_scrapy01.spiders.itcast] INFO: {'name': '王老师', 'title': '高级讲师'}
2019-12-08 12:02:32 [study_day14_scrapy01.spiders.itcast] INFO: {'name': '彭老师', 'title': '高级讲师'}
2019-12-08 12:02:32 [study_day14_scrapy01.spiders.itcast] INFO: {'name': '原老师', 'title': '高级讲师'}
2019-12-08 12:02:32 [study_day14_scrapy01.spiders.itcast] INFO: {'name': '刘老师', 'title': '高级讲师'}
2019-12-08 12:02:32 [study_day14_scrapy01.spiders.itcast] INFO: {'name': '何老师', 'title': '高级讲师'}
2019-12-08 12:02:32 [study_day14_scrapy01.spiders.itcast] INFO: {'name': '陈老师', 'title': '高级讲师'}
2019-12-08 12:02:32 [study_day14_scrapy01.spiders.itcast] INFO: {'name': '张老师', 'title': '高级讲师'}
2019-12-08 12:02:32 [study_day14_scrapy01.spiders.itcast] INFO: {'name': '陈老师', 'title': '高级讲师'}
2019-12-08 12:02:32 [study_day14_scrapy01.spiders.itcast] INFO: {'name': '张老师', 'title': '高级讲师'}
2019-12-08 12:02:32 [study_day14_scrapy01.spiders.itcast] INFO: {'name': '江老师', 'title': '高级讲师'}
2019-12-08 12:02:32 [study_day14_scrapy01.spiders.itcast] INFO: {'name': '许老师', 'title': '高级讲师'}
2019-12-08 12:02:32 [study_day14_scrapy01.spiders.itcast] INFO: {'name': '牛老师', 'title': '高级讲师'}
2019-12-08 12:02:32 [study_day14_scrapy01.spiders.itcast] INFO: {'name': '郭老师', 'title': '高级讲师'}
2019-12-08 12:02:32 [study_day14_scrapy01.spiders.itcast] INFO: {'name': '赵老师', 'title': '高级讲师'}
2019-12-08 12:02:32 [study_day14_scrapy01.spiders.itcast] INFO: {'name': '张老师', 'title': '高级讲师'}
2019-12-08 12:02:32 [study_day14_scrapy01.spiders.itcast] INFO: {'name': '韦老师', 'title': '高级讲师'}
2019-12-08 12:02:32 [study_day14_scrapy01.spiders.itcast] INFO: {'name': '李老师', 'title': '高级讲师'}
2019-12-08 12:02:32 [study_day14_scrapy01.spiders.itcast] INFO: {'name': '史老师', 'title': '高级讲师'}
2019-12-08 12:02:32 [study_day14_scrapy01.spiders.itcast] INFO: {'name': '赵老师', 'title': '高级讲师'}
2019-12-08 12:02:32 [study_day14_scrapy01.spiders.itcast] INFO: {'name': '郭老师', 'title': '高级讲师'}
2019-12-08 12:02:32 [study_day14_scrapy01.spiders.itcast] INFO: {'name': '刘老师', 'title': '高级讲师'}
2019-12-08 12:02:32 [study_day14_scrapy01.spiders.itcast] INFO: {'name': '齐老师', 'title': '高级讲师'}
2019-12-08 12:02:32 [study_day14_scrapy01.spiders.itcast] INFO: {'name': '盛老师', 'title': '高级讲师'}
2019-12-08 12:02:32 [study_day14_scrapy01.spiders.itcast] INFO: {'name': '范老师', 'title': '高级讲师'}
2019-12-08 12:02:32 [study_day14_scrapy01.spiders.itcast] INFO: {'name': '孔老师', 'title': '高级讲师'}
2019-12-08 12:02:32 [study_day14_scrapy01.spiders.itcast] INFO: {'name': ' 惠老师', 'title': '高级讲师'}
2019-12-08 12:02:32 [study_day14_scrapy01.spiders.itcast] INFO: {'name': '丁老师', 'title': '高级讲师'}
2019-12-08 12:02:32 [study_day14_scrapy01.spiders.itcast] INFO: {'name': '胡老师', 'title': '高级讲师'}
2019-12-08 12:02:32 [study_day14_scrapy01.spiders.itcast] INFO: {'name': '李老师', 'title': '高级讲师'}
2019-12-08 12:02:32 [study_day14_scrapy01.spiders.itcast] INFO: {'name': '杨老师', 'title': '高级讲师'}
2019-12-08 12:02:32 [study_day14_scrapy01.spiders.itcast] INFO: {'name': '张老师', 'title': '高级讲师'}
2019-12-08 12:02:32 [study_day14_scrapy01.spiders.itcast] INFO: {'name': '王老师', 'title': '高级讲师'}
2019-12-08 12:02:32 [study_day14_scrapy01.spiders.itcast] INFO: {'name': '谢老师', 'title': '高级讲师'}
2019-12-08 12:02:32 [study_day14_scrapy01.spiders.itcast] INFO: {'name': '沈老师', 'title': '高级讲师'}
2019-12-08 12:02:32 [study_day14_scrapy01.spiders.itcast] INFO: {'name': '李老师', 'title': '高级讲师'}
2019-12-08 12:02:32 [study_day14_scrapy01.spiders.itcast] INFO: {'name': '梅老师', 'title': '高级讲师'}
2019-12-08 12:02:32 [study_day14_scrapy01.spiders.itcast] INFO: {'name': '姚老师', 'title': '高级讲师'}
2019-12-08 12:02:32 [study_day14_scrapy01.spiders.itcast] INFO: {'name': '孟老师', 'title': '高级讲师'}
2019-12-08 12:02:32 [study_day14_scrapy01.spiders.itcast] INFO: {'name': '曹老师', 'title': '高级讲师'}
2019-12-08 12:02:32 [study_day14_scrapy01.spiders.itcast] INFO: {'name': '张老师', 'title': '高级讲师'}
2019-12-08 12:02:32 [study_day14_scrapy01.spiders.itcast] INFO: {'name': '赵老师', 'title': '高级讲师'}
2019-12-08 12:02:32 [study_day14_scrapy01.spiders.itcast] INFO: {'name': '张老师', 'title': '高级讲师'}
2019-12-08 12:02:32 [study_day14_scrapy01.spiders.itcast] INFO: {'name': '赵老师', 'title': '高级讲师'}
2019-12-08 12:02:32 [study_day14_scrapy01.spiders.itcast] INFO: {'name': '赵老师', 'title': '高级讲师'}
2019-12-08 12:02:32 [study_day14_scrapy01.spiders.itcast] INFO: {'name': '闻老师', 'title': '高级讲师'}
2019-12-08 12:02:32 [study_day14_scrapy01.spiders.itcast] INFO: {'name': '周老师', 'title': '高级讲师'}
2019-12-08 12:02:32 [study_day14_scrapy01.spiders.itcast] INFO: {'name': '杜老师', 'title': '高级讲师'}
2019-12-08 12:02:32 [study_day14_scrapy01.spiders.itcast] INFO: {'name': '陈老师', 'title': '高级讲师'}
2019-12-08 12:02:32 [study_day14_scrapy01.spiders.itcast] INFO: {'name': '康老师', 'title': '高级讲师'}
2019-12-08 12:02:32 [study_day14_scrapy01.spiders.itcast] INFO: {'name': '毛老师', 'title': '高级讲师'}
2019-12-08 12:02:32 [study_day14_scrapy01.spiders.itcast] INFO: {'name': '曹老师', 'title': '高级讲师'}
2019-12-08 12:02:32 [study_day14_scrapy01.spiders.itcast] INFO: {'name': '殷老师', 'title': '高级讲师'}
2019-12-08 12:02:32 [study_day14_scrapy01.spiders.itcast] INFO: {'name': '周老师', 'title': '高级讲师'}
2019-12-08 12:02:32 [study_day14_scrapy01.spiders.itcast] INFO: {'name': '高老师', 'title': '高级讲师'}
2019-12-08 12:02:32 [study_day14_scrapy01.spiders.itcast] INFO: {'name': '吴老师', 'title': '高级讲师'}
2019-12-08 12:02:32 [study_day14_scrapy01.spiders.itcast] INFO: {'name': '张老师', 'title': '高级讲师'}
2019-12-08 12:02:32 [study_day14_scrapy01.spiders.itcast] INFO: {'name': '张老师', 'title': '高级讲师'}
2019-12-08 12:02:32 [study_day14_scrapy01.spiders.itcast] INFO: {'name': '崔老师', 'title': '高级讲师'}
2019-12-08 12:02:32 [study_day14_scrapy01.spiders.itcast] INFO: {'name': '朱老师', 'title': '高级讲师'}
2019-12-08 12:02:32 [study_day14_scrapy01.spiders.itcast] INFO: {'name': '骆老师', 'title': '高级讲师'}
2019-12-08 12:02:32 [study_day14_scrapy01.spiders.itcast] INFO: {'name': '王老师', 'title': '高级讲师'}
2019-12-08 12:02:32 [study_day14_scrapy01.spiders.itcast] INFO: {'name': '梁老师', 'title': '高级讲师'}
2019-12-08 12:02:32 [study_day14_scrapy01.spiders.itcast] INFO: {'name': '王老师', 'title': '高级讲师'}
2019-12-08 12:02:32 [study_day14_scrapy01.spiders.itcast] INFO: {'name': '李老师', 'title': '高级讲师'}
2019-12-08 12:02:32 [study_day14_scrapy01.spiders.itcast] INFO: {'name': '石老师', 'title': '高级讲师'}
2019-12-08 12:02:32 [study_day14_scrapy01.spiders.itcast] INFO: {'name': '刘老师', 'title': '高级讲师'}
2019-12-08 12:02:32 [study_day14_scrapy01.spiders.itcast] INFO: {'name': '张老师', 'title': '高级讲师'}
2019-12-08 12:02:32 [study_day14_scrapy01.spiders.itcast] INFO: {'name': '王老师', 'title': '高级讲师'}
2019-12-08 12:02:32 [study_day14_scrapy01.spiders.itcast] INFO: {'name': '何老师', 'title': '高级讲师'}
2019-12-08 12:02:32 [study_day14_scrapy01.spiders.itcast] INFO: {'name': '杜老师', 'title': '高级讲师'}
2019-12-08 12:02:32 [study_day14_scrapy01.spiders.itcast] INFO: {'name': '苏老师', 'title': '高级讲师'}
2019-12-08 12:02:32 [study_day14_scrapy01.spiders.itcast] INFO: {'name': '刘老师', 'title': '高级讲师'}
2019-12-08 12:02:32 [study_day14_scrapy01.spiders.itcast] INFO: {'name': '王老师', 'title': '高级讲师'}
2019-12-08 12:02:32 [study_day14_scrapy01.spiders.itcast] INFO: {'name': '韩老师', 'title': '高级讲师'}
2019-12-08 12:02:32 [study_day14_scrapy01.spiders.itcast] INFO: {'name': ' 邓老师', 'title': '高级讲师'}
2019-12-08 12:02:32 [study_day14_scrapy01.spiders.itcast] INFO: {'name': ' 梁老师', 'title': '高级讲师'}
2019-12-08 12:02:32 [study_day14_scrapy01.spiders.itcast] INFO: {'name': '朱老师', 'title': '高级讲师'}
2019-12-08 12:02:32 [study_day14_scrapy01.spiders.itcast] INFO: {'name': '段老师', 'title': '高级讲师'}
2019-12-08 12:02:32 [study_day14_scrapy01.spiders.itcast] INFO: {'name': '李老师', 'title': '高级讲师'}
2019-12-08 12:02:32 [study_day14_scrapy01.spiders.itcast] INFO: {'name': '汤老师', 'title': '高级讲师'}
2019-12-08 12:02:32 [study_day14_scrapy01.spiders.itcast] INFO: {'name': '赵老师', 'title': '高级讲师'}
2019-12-08 12:02:32 [study_day14_scrapy01.spiders.itcast] INFO: {'name': '罗老师', 'title': '高级讲师'}
2019-12-08 12:02:32 [study_day14_scrapy01.spiders.itcast] INFO: {'name': '周老师', 'title': '高级讲师'}
2019-12-08 12:02:32 [study_day14_scrapy01.spiders.itcast] INFO: {'name': '凡老师', 'title': '高级讲师'}
2019-12-08 12:02:32 [study_day14_scrapy01.spiders.itcast] INFO: {'name': '高老师', 'title': '高级讲师'}
2019-12-08 12:02:32 [study_day14_scrapy01.spiders.itcast] INFO: {'name': '刘老师', 'title': '高级讲师'}
2019-12-08 12:02:32 [study_day14_scrapy01.spiders.itcast] INFO: {'name': '刘老师', 'title': '高级讲师'}
2019-12-08 12:02:32 [study_day14_scrapy01.spiders.itcast] INFO: {'name': '苏老师', 'title': '高级讲师'}
2019-12-08 12:02:32 [study_day14_scrapy01.spiders.itcast] INFO: {'name': '孙老师', 'title': '高级讲师'}
2019-12-08 12:02:32 [study_day14_scrapy01.spiders.itcast] INFO: {'name': '吴老师', 'title': '高级讲师'}
2019-12-08 12:02:32 [study_day14_scrapy01.spiders.itcast] INFO: {'name': '王老师', 'title': '高级讲师'}
2019-12-08 12:02:32 [study_day14_scrapy01.spiders.itcast] INFO: {'name': '谢老师', 'title': '高级讲师'}
2019-12-08 12:02:32 [study_day14_scrapy01.spiders.itcast] INFO: {'name': '江老师', 'title': '高级讲师'}
2019-12-08 12:02:32 [study_day14_scrapy01.spiders.itcast] INFO: {'name': '彭老师', 'title': '高级讲师'}
2019-12-08 12:02:32 [study_day14_scrapy01.spiders.itcast] INFO: {'name': '胡老师', 'title': '高级讲师'}
2019-12-08 12:02:32 [study_day14_scrapy01.spiders.itcast] INFO: {'name': '王老师', 'title': '高级讲师'}
2019-12-08 12:02:32 [study_day14_scrapy01.spiders.itcast] INFO: {'name': '黄老师', 'title': '高级讲师'}
2019-12-08 12:02:32 [study_day14_scrapy01.spiders.itcast] INFO: {'name': '董老师', 'title': '高级讲师'}
2019-12-08 12:02:32 [study_day14_scrapy01.spiders.itcast] INFO: {'name': '林老师', 'title': '高级讲师'}
2019-12-08 12:02:32 [study_day14_scrapy01.spiders.itcast] INFO: {'name': '刘老师', 'title': '高级讲师'}
2019-12-08 12:02:32 [study_day14_scrapy01.spiders.itcast] INFO: {'name': '王老师', 'title': '高级讲师'}
2019-12-08 12:02:32 [study_day14_scrapy01.spiders.itcast] INFO: {'name': '于老师', 'title': '高级讲师'}
2019-12-08 12:02:32 [study_day14_scrapy01.spiders.itcast] INFO: {'name': '张老师', 'title': '高级讲师'}
2019-12-08 12:02:32 [study_day14_scrapy01.spiders.itcast] INFO: {'name': '周老师', 'title': '高级讲师'}
2019-12-08 12:02:32 [study_day14_scrapy01.spiders.itcast] INFO: {'name': '邹老师', 'title': '高级讲师'}
2019-12-08 12:02:32 [study_day14_scrapy01.spiders.itcast] INFO: {'name': '王老师', 'title': '高级讲师'}
2019-12-08 12:02:32 [study_day14_scrapy01.spiders.itcast] INFO: {'name': '潘老师', 'title': '高级讲师'}
2019-12-08 12:02:32 [study_day14_scrapy01.spiders.itcast] INFO: {'name': '刘老师', 'title': '高级讲师'}
2019-12-08 12:02:32 [study_day14_scrapy01.spiders.itcast] INFO: {'name': '伍老师', 'title': '高级讲师'}
2019-12-08 12:02:32 [study_day14_scrapy01.spiders.itcast] INFO: {'name': '王老师', 'title': '高级讲师'}
2019-12-08 12:02:32 [study_day14_scrapy01.spiders.itcast] INFO: {'name': '苏老师', 'title': '高级讲师'}
2019-12-08 12:02:32 [study_day14_scrapy01.spiders.itcast] INFO: {'name': '沈老师', 'title': '高级讲师'}
2019-12-08 12:02:32 [study_day14_scrapy01.spiders.itcast] INFO: {'name': '李老师', 'title': '高级讲师'}
2019-12-08 12:02:32 [study_day14_scrapy01.spiders.itcast] INFO: {'name': '吕老师', 'title': '高级讲师'}
2019-12-08 12:02:32 [study_day14_scrapy01.spiders.itcast] INFO: {'name': '李老师', 'title': '高级讲师'}
2019-12-08 12:02:32 [study_day14_scrapy01.spiders.itcast] INFO: {'name': '王老师', 'title': '高级讲师'}
2019-12-08 12:02:32 [study_day14_scrapy01.spiders.itcast] INFO: {'name': '王老师', 'title': '高级讲师'}
2019-12-08 12:02:32 [study_day14_scrapy01.spiders.itcast] INFO: {'name': '肖老师', 'title': '高级讲师'}
2019-12-08 12:02:32 [study_day14_scrapy01.spiders.itcast] INFO: {'name': '信老师', 'title': '高级讲师'}
2019-12-08 12:02:32 [study_day14_scrapy01.spiders.itcast] INFO: {'name': '李老师', 'title': '高级讲师'}
2019-12-08 12:02:32 [study_day14_scrapy01.spiders.itcast] INFO: {'name': '高老师', 'title': '高级讲师'}
2019-12-08 12:02:32 [study_day14_scrapy01.spiders.itcast] INFO: {'name': '谭老师', 'title': '高级讲师'}
2019-12-08 12:02:32 [study_day14_scrapy01.spiders.itcast] INFO: {'name': '王老师', 'title': '高级讲师'}
2019-12-08 12:02:32 [study_day14_scrapy01.spiders.itcast] INFO: {'name': '王老师', 'title': '高级讲师'}
2019-12-08 12:02:32 [study_day14_scrapy01.spiders.itcast] INFO: {'name': '杨老师', 'title': '高级讲师'}
2019-12-08 12:02:32 [study_day14_scrapy01.spiders.itcast] INFO: {'name': '刘老师', 'title': '高级讲师'}
2019-12-08 12:02:32 [study_day14_scrapy01.spiders.itcast] INFO: {'name': '彭老师', 'title': '高级讲师'}
2019-12-08 12:02:32 [study_day14_scrapy01.spiders.itcast] INFO: {'name': '丛老师', 'title': '高级讲师'}
2019-12-08 12:02:32 [study_day14_scrapy01.spiders.itcast] INFO: {'name': '刘老师', 'title': '高级讲师'}
2019-12-08 12:02:32 [study_day14_scrapy01.spiders.itcast] INFO: {'name': '陈老师', 'title': '高级讲师'}
2019-12-08 12:02:32 [study_day14_scrapy01.spiders.itcast] INFO: {'name': '梁老师', 'title': '高级讲师'}
2019-12-08 12:02:32 [study_day14_scrapy01.spiders.itcast] INFO: {'name': '岳老师', 'title': '高级讲师'}
2019-12-08 12:02:32 [study_day14_scrapy01.spiders.itcast] INFO: {'name': '袁老师', 'title': '高级讲师'}
2019-12-08 12:02:32 [study_day14_scrapy01.spiders.itcast] INFO: {'name': '宋老师', 'title': '高级讲师'}
2019-12-08 12:02:32 [study_day14_scrapy01.spiders.itcast] INFO: {'name': '杨老师', 'title': '高级讲师'}
2019-12-08 12:02:32 [study_day14_scrapy01.spiders.itcast] INFO: {'name': '刘老师', 'title': '高级讲师'}
2019-12-08 12:02:32 [study_day14_scrapy01.spiders.itcast] INFO: {'name': '张老师', 'title': '高级讲师'}
2019-12-08 12:02:32 [study_day14_scrapy01.spiders.itcast] INFO: {'name': '王老师', 'title': '高级讲师'}
2019-12-08 12:02:32 [study_day14_scrapy01.spiders.itcast] INFO: {'name': '曾老师', 'title': '高级讲师'}
2019-12-08 12:02:32 [study_day14_scrapy01.spiders.itcast] INFO: {'name': '许老师', 'title': '高级讲师'}
2019-12-08 12:02:32 [study_day14_scrapy01.spiders.itcast] INFO: {'name': '金老师', 'title': '高级讲师'}
2019-12-08 12:02:32 [study_day14_scrapy01.spiders.itcast] INFO: {'name': '方老师', 'title': '高级讲师'}
2019-12-08 12:02:32 [study_day14_scrapy01.spiders.itcast] INFO: {'name': '廖老师', 'title': '高级讲师'}
2019-12-08 12:02:32 [study_day14_scrapy01.spiders.itcast] INFO: {'name': '王老师', 'title': '高级讲师'}
2019-12-08 12:02:32 [study_day14_scrapy01.spiders.itcast] INFO: {'name': '吴老师', 'title': '高级讲师'}
2019-12-08 12:02:32 [study_day14_scrapy01.spiders.itcast] INFO: {'name': '闫老师', 'title': '高级讲师'}
2019-12-08 12:02:32 [study_day14_scrapy01.spiders.itcast] INFO: {'name': '杨老师', 'title': '高级讲师'}
2019-12-08 12:02:32 [study_day14_scrapy01.spiders.itcast] INFO: {'name': '周老师', 'title': '高级讲师'}
2019-12-08 12:02:32 [study_day14_scrapy01.spiders.itcast] INFO: {'name': '李老师', 'title': '高级讲师'}
2019-12-08 12:02:32 [study_day14_scrapy01.spiders.itcast] INFO: {'name': '李老师', 'title': '高级讲师'}
2019-12-08 12:02:32 [study_day14_scrapy01.spiders.itcast] INFO: {'name': '张老师', 'title': '高级讲师'}
2019-12-08 12:02:32 [study_day14_scrapy01.spiders.itcast] INFO: {'name': '吴老师', 'title': '高级讲师'}
2019-12-08 12:02:32 [study_day14_scrapy01.spiders.itcast] INFO: {'name': '马老师', 'title': '高级讲师'}
2019-12-08 12:02:32 [study_day14_scrapy01.spiders.itcast] INFO: {'name': '康老师', 'title': '高级讲师'}
2019-12-08 12:02:32 [study_day14_scrapy01.spiders.itcast] INFO: {'name': '杨老师', 'title': '高级讲师'}
2019-12-08 12:02:32 [study_day14_scrapy01.spiders.itcast] INFO: {'name': '张老师', 'title': '高级讲师'}
2019-12-08 12:02:32 [study_day14_scrapy01.spiders.itcast] INFO: {'name': '于老师', 'title': '高级讲师'}
2019-12-08 12:02:32 [study_day14_scrapy01.spiders.itcast] INFO: {'name': '李老师', 'title': '高级讲师'}
2019-12-08 12:02:32 [study_day14_scrapy01.spiders.itcast] INFO: {'name': '王老师', 'title': '高级讲师'}
2019-12-08 12:02:32 [study_day14_scrapy01.spiders.itcast] INFO: {'name': '杨老师', 'title': '高级讲师'}
2019-12-08 12:02:32 [study_day14_scrapy01.spiders.itcast] INFO: {'name': '马老师', 'title': '高级讲师'}
2019-12-08 12:02:32 [study_day14_scrapy01.spiders.itcast] INFO: {'name': '詹老师', 'title': '高级讲师'}
2019-12-08 12:02:32 [study_day14_scrapy01.spiders.itcast] INFO: {'name': '安老师', 'title': '高级讲师'}
2019-12-08 12:02:32 [study_day14_scrapy01.spiders.itcast] INFO: {'name': '康老师', 'title': '高级讲师'}
2019-12-08 12:02:32 [study_day14_scrapy01.spiders.itcast] INFO: {'name': '郭老师', 'title': '高级讲师'}
2019-12-08 12:02:32 [study_day14_scrapy01.spiders.itcast] INFO: {'name': '侯老师', 'title': '高级讲师'}
2019-12-08 12:02:32 [study_day14_scrapy01.spiders.itcast] INFO: {'name': '黄老师', 'title': '高级讲师'}
2019-12-08 12:02:32 [study_day14_scrapy01.spiders.itcast] INFO: {'name': '贾老师', 'title': '高级讲师'}
2019-12-08 12:02:32 [study_day14_scrapy01.spiders.itcast] INFO: {'name': '金老师', 'title': '高级讲师'}
2019-12-08 12:02:32 [study_day14_scrapy01.spiders.itcast] INFO: {'name': '林老师', 'title': '高级讲师'}
2019-12-08 12:02:32 [study_day14_scrapy01.spiders.itcast] INFO: {'name': '芦老师', 'title': '高级讲师'}
2019-12-08 12:02:32 [study_day14_scrapy01.spiders.itcast] INFO: {'name': '吕老师', 'title': '高级讲师'}
2019-12-08 12:02:32 [study_day14_scrapy01.spiders.itcast] INFO: {'name': '马老师', 'title': '高级讲师'}
2019-12-08 12:02:32 [study_day14_scrapy01.spiders.itcast] INFO: {'name': '师老师', 'title': '高级讲师'}
2019-12-08 12:02:32 [study_day14_scrapy01.spiders.itcast] INFO: {'name': '王老师', 'title': '高级讲师'}
2019-12-08 12:02:32 [study_day14_scrapy01.spiders.itcast] INFO: {'name': '魏老师', 'title': '高级讲师'}
2019-12-08 12:02:32 [study_day14_scrapy01.spiders.itcast] INFO: {'name': '许老师', 'title': '高级讲师'}
2019-12-08 12:02:32 [study_day14_scrapy01.spiders.itcast] INFO: {'name': '杨老师', 'title': '高级讲师'}
2019-12-08 12:02:32 [study_day14_scrapy01.spiders.itcast] INFO: {'name': '杨老师', 'title': '高级讲师'}
2019-12-08 12:02:32 [study_day14_scrapy01.spiders.itcast] INFO: {'name': '于老师', 'title': '高级讲师'}
2019-12-08 12:02:32 [study_day14_scrapy01.spiders.itcast] INFO: {'name': '张老师', 'title': '高级讲师'}
2019-12-08 12:02:32 [study_day14_scrapy01.spiders.itcast] INFO: {'name': '张老师', 'title': '高级讲师'}
2019-12-08 12:02:32 [study_day14_scrapy01.spiders.itcast] INFO: {'name': '赵老师', 'title': '高级讲师'}
2019-12-08 12:02:32 [study_day14_scrapy01.spiders.itcast] INFO: {'name': '石老师', 'title': '高级讲师'}
2019-12-08 12:02:32 [study_day14_scrapy01.spiders.itcast] INFO: {'name': '周老师', 'title': '高级讲师'}
2019-12-08 12:02:32 [study_day14_scrapy01.spiders.itcast] INFO: {'name': '许老师', 'title': '高级讲师'}
2019-12-08 12:02:32 [study_day14_scrapy01.spiders.itcast] INFO: {'name': '石老师', 'title': '高级讲师'}
2019-12-08 12:02:32 [study_day14_scrapy01.spiders.itcast] INFO: {'name': '白老师', 'title': '高级讲师'}
2019-12-08 12:02:32 [study_day14_scrapy01.spiders.itcast] INFO: {'name': '黄老师', 'title': '高级讲师'}
2019-12-08 12:02:32 [study_day14_scrapy01.spiders.itcast] INFO: {'name': '刘老师', 'title': '高级讲师'}
2019-12-08 12:02:32 [study_day14_scrapy01.spiders.itcast] INFO: {'name': '苏老师', 'title': '高级讲师'}
2019-12-08 12:02:32 [study_day14_scrapy01.spiders.itcast] INFO: {'name': '孙老师', 'title': '高级讲师'}
2019-12-08 12:02:32 [study_day14_scrapy01.spiders.itcast] INFO: {'name': '魏老师', 'title': '高级讲师'}
2019-12-08 12:02:32 [study_day14_scrapy01.spiders.itcast] INFO: {'name': '杨老师', 'title': '高级讲师'}
2019-12-08 12:02:32 [study_day14_scrapy01.spiders.itcast] INFO: {'name': '于老师', 'title': '高级讲师'}
2019-12-08 12:02:32 [study_day14_scrapy01.spiders.itcast] INFO: {'name': '赵老师', 'title': '高级讲师'}
2019-12-08 12:02:32 [study_day14_scrapy01.spiders.itcast] INFO: {'name': '王老师', 'title': '高级讲师'}
2019-12-08 12:02:32 [study_day14_scrapy01.spiders.itcast] INFO: {'name': '郝老师', 'title': '高级讲师'}
2019-12-08 12:02:32 [study_day14_scrapy01.spiders.itcast] INFO: {'name': '李老师', 'title': '高级讲师'}
2019-12-08 12:02:32 [study_day14_scrapy01.spiders.itcast] INFO: {'name': '刘老师', 'title': '高级讲师'}
2019-12-08 12:02:32 [study_day14_scrapy01.spiders.itcast] INFO: {'name': '姜老师', 'title': '高级讲师'}
2019-12-08 12:02:32 [study_day14_scrapy01.spiders.itcast] INFO: {'name': '辛老师', 'title': '高级讲师'}
2019-12-08 12:02:32 [study_day14_scrapy01.spiders.itcast] INFO: {'name': '王老师', 'title': '高级讲师'}
2019-12-08 12:02:32 [study_day14_scrapy01.spiders.itcast] INFO: {'name': '叶老师', 'title': '高级讲师'}
2019-12-08 12:02:32 [study_day14_scrapy01.spiders.itcast] INFO: {'name': '李老师', 'title': '高级讲师'}
2019-12-08 12:02:32 [study_day14_scrapy01.spiders.itcast] INFO: {'name': '余老师', 'title': '高级讲师'}
2019-12-08 12:02:32 [study_day14_scrapy01.spiders.itcast] INFO: {'name': '彭老师', 'title': '高级讲师'}
2019-12-08 12:02:32 [study_day14_scrapy01.spiders.itcast] INFO: {'name': '沈老师', 'title': '高级讲师'}
2019-12-08 12:02:32 [study_day14_scrapy01.spiders.itcast] INFO: {'name': '刘老师', 'title': '高级讲师'}
2019-12-08 12:02:32 [study_day14_scrapy01.spiders.itcast] INFO: {'name': '刘老师', 'title': '高级讲师'}
2019-12-08 12:02:32 [study_day14_scrapy01.spiders.itcast] INFO: {'name': '贺老师', 'title': '高级讲师'}
2019-12-08 12:02:32 [study_day14_scrapy01.spiders.itcast] INFO: {'name': '王老师', 'title': '高级讲师'}
2019-12-08 12:02:32 [study_day14_scrapy01.spiders.itcast] INFO: {'name': '凡老师', 'title': '高级讲师'}
2019-12-08 12:02:32 [study_day14_scrapy01.spiders.itcast] INFO: {'name': '朱老师', 'title': '高级讲师'}
2019-12-08 12:02:32 [study_day14_scrapy01.spiders.itcast] INFO: {'name': '王老师', 'title': '高级讲师'}
2019-12-08 12:02:32 [study_day14_scrapy01.spiders.itcast] INFO: {'name': '欧阳老师', 'title': '高级讲师'}
2019-12-08 12:02:32 [study_day14_scrapy01.spiders.itcast] INFO: {'name': '田老师', 'title': '高级讲师'}
2019-12-08 12:02:32 [study_day14_scrapy01.spiders.itcast] INFO: {'name': '殷老师', 'title': '高级讲师'}
2019-12-08 12:02:32 [study_day14_scrapy01.spiders.itcast] INFO: {'name': '张老师', 'title': '高级讲师'}
2019-12-08 12:02:32 [study_day14_scrapy01.spiders.itcast] INFO: {'name': '饶老师', 'title': '高级讲师'}
2019-12-08 12:02:32 [study_day14_scrapy01.spiders.itcast] INFO: {'name': '潘老师', 'title': '高级讲师'}
2019-12-08 12:02:32 [study_day14_scrapy01.spiders.itcast] INFO: {'name': '钟老师', 'title': '高级讲师'}
2019-12-08 12:02:32 [study_day14_scrapy01.spiders.itcast] INFO: {'name': '梁老师', 'title': '高级讲师'}
2019-12-08 12:02:32 [study_day14_scrapy01.spiders.itcast] INFO: {'name': '刘老师', 'title': '高级讲师'}
2019-12-08 12:02:32 [study_day14_scrapy01.spiders.itcast] INFO: {'name': '崔老师', 'title': '高级讲师'}
2019-12-08 12:02:32 [study_day14_scrapy01.spiders.itcast] INFO: {'name': '赵老师', 'title': '高级讲师'}
2019-12-08 12:02:32 [study_day14_scrapy01.spiders.itcast] INFO: {'name': '徐老师', 'title': '高级讲师'}
2019-12-08 12:02:32 [study_day14_scrapy01.spiders.itcast] INFO: {'name': '关老师', 'title': '高级讲师'}
2019-12-08 12:02:32 [study_day14_scrapy01.spiders.itcast] INFO: {'name': '杨老师', 'title': '高级讲师'}
2019-12-08 12:02:32 [study_day14_scrapy01.spiders.itcast] INFO: {'name': '时老师', 'title': '高级讲师'}
2019-12-08 12:02:32 [study_day14_scrapy01.spiders.itcast] INFO: {'name': '刘老师', 'title': '高级讲师'}
2019-12-08 12:02:32 [study_day14_scrapy01.spiders.itcast] INFO: {'name': '李老师', 'title': '高级讲师'}
2019-12-08 12:02:32 [study_day14_scrapy01.spiders.itcast] INFO: {'name': '方老师', 'title': '高级讲师'}
2019-12-08 12:02:32 [study_day14_scrapy01.spiders.itcast] INFO: {'name': '赵老师', 'title': '高级讲师'}
2019-12-08 12:02:32 [study_day14_scrapy01.spiders.itcast] INFO: {'name': '杜老师', 'title': '高级讲师'}
2019-12-08 12:02:32 [study_day14_scrapy01.spiders.itcast] INFO: {'name': '栾老师', 'title': '高级讲师'}
2019-12-08 12:02:32 [study_day14_scrapy01.spiders.itcast] INFO: {'name': '唐老师', 'title': '高级讲师'}
2019-12-08 12:02:32 [study_day14_scrapy01.spiders.itcast] INFO: {'name': '苗老师', 'title': '高级讲师'}
2019-12-08 12:02:32 [study_day14_scrapy01.spiders.itcast] INFO: {'name': '徐老师', 'title': '高级讲师'}
2019-12-08 12:02:32 [study_day14_scrapy01.spiders.itcast] INFO: {'name': '张老师', 'title': '高级讲师'}
2019-12-08 12:02:32 [study_day14_scrapy01.spiders.itcast] INFO: {'name': '张老师', 'title': '高级讲师'}
2019-12-08 12:02:32 [study_day14_scrapy01.spiders.itcast] INFO: {'name': '陈老师', 'title': '高级讲师'}
2019-12-08 12:02:32 [study_day14_scrapy01.spiders.itcast] INFO: {'name': '娄老师', 'title': '高级讲师'}
2019-12-08 12:02:32 [study_day14_scrapy01.spiders.itcast] INFO: {'name': '惠老师', 'title': '高级讲师'}
2019-12-08 12:02:32 [study_day14_scrapy01.spiders.itcast] INFO: {'name': '刘老师', 'title': '高级讲师'}
2019-12-08 12:02:32 [study_day14_scrapy01.spiders.itcast] INFO: {'name': '郭老师', 'title': '高级讲师'}
2019-12-08 12:02:32 [study_day14_scrapy01.spiders.itcast] INFO: {'name': '朱老师\t', 'title': '高级讲师'}
2019-12-08 12:02:32 [study_day14_scrapy01.spiders.itcast] INFO: {'name': '胡老师', 'title': '高级讲师'}
2019-12-08 12:02:32 [study_day14_scrapy01.spiders.itcast] INFO: {'name': '李老师', 'title': '高级讲师'}
2019-12-08 12:02:32 [study_day14_scrapy01.spiders.itcast] INFO: {'name': '谈老师', 'title': '高级讲师'}
2019-12-08 12:02:32 [study_day14_scrapy01.spiders.itcast] INFO: {'name': '张老师', 'title': '高级讲师'}
2019-12-08 12:02:32 [study_day14_scrapy01.spiders.itcast] INFO: {'name': '张老师', 'title': '高级讲师'}
2019-12-08 12:02:32 [study_day14_scrapy01.spiders.itcast] INFO: {'name': '谭老师', 'title': '高级讲师'}
2019-12-08 12:02:32 [study_day14_scrapy01.spiders.itcast] INFO: {'name': '刘老师', 'title': '高级讲师'}
2019-12-08 12:02:32 [study_day14_scrapy01.spiders.itcast] INFO: {'name': '王老师', 'title': '高级讲师'}
2019-12-08 12:02:32 [study_day14_scrapy01.spiders.itcast] INFO: {'name': '白老师', 'title': '高级讲师'}
2019-12-08 12:02:32 [study_day14_scrapy01.spiders.itcast] INFO: {'name': '陈老师', 'title': '高级讲师'}
2019-12-08 12:02:32 [study_day14_scrapy01.spiders.itcast] INFO: {'name': '陈老师', 'title': '高级讲师'}
2019-12-08 12:02:32 [study_day14_scrapy01.spiders.itcast] INFO: {'name': '陈老师', 'title': '高级讲师'}
2019-12-08 12:02:32 [study_day14_scrapy01.spiders.itcast] INFO: {'name': '冯老师', 'title': '高级讲师'}
2019-12-08 12:02:32 [study_day14_scrapy01.spiders.itcast] INFO: {'name': '谷老师', 'title': '高级讲师'}
2019-12-08 12:02:32 [study_day14_scrapy01.spiders.itcast] INFO: {'name': '江老师', 'title': '高级讲师'}
2019-12-08 12:02:32 [study_day14_scrapy01.spiders.itcast] INFO: {'name': '刘老师', 'title': '高级讲师'}
2019-12-08 12:02:32 [study_day14_scrapy01.spiders.itcast] INFO: {'name': '柳老师', 'title': '高级讲师'}
2019-12-08 12:02:32 [study_day14_scrapy01.spiders.itcast] INFO: {'name': '卢老师', 'title': '高级讲师'}
2019-12-08 12:02:32 [study_day14_scrapy01.spiders.itcast] INFO: {'name': '陆老师', 'title': '高级讲师'}
2019-12-08 12:02:32 [study_day14_scrapy01.spiders.itcast] INFO: {'name': '王老师', 'title': '高级讲师'}
2019-12-08 12:02:32 [study_day14_scrapy01.spiders.itcast] INFO: {'name': '王老师', 'title': '高级讲师'}
2019-12-08 12:02:32 [study_day14_scrapy01.spiders.itcast] INFO: {'name': '王老师', 'title': '高级讲师'}
2019-12-08 12:02:32 [study_day14_scrapy01.spiders.itcast] INFO: {'name': '王老师', 'title': '高级讲师'}
2019-12-08 12:02:32 [study_day14_scrapy01.spiders.itcast] INFO: {'name': '夏老师', 'title': '高级讲师'}
2019-12-08 12:02:32 [study_day14_scrapy01.spiders.itcast] INFO: {'name': '张老师', 'title': '高级讲师'}
2019-12-08 12:02:32 [study_day14_scrapy01.spiders.itcast] INFO: {'name': '周老师', 'title': '高级讲师'}
2019-12-08 12:02:32 [study_day14_scrapy01.spiders.itcast] INFO: {'name': '朱老师', 'title': '高级讲师'}
2019-12-08 12:02:32 [study_day14_scrapy01.spiders.itcast] INFO: {'name': '陈老师', 'title': '高级讲师'}
2019-12-08 12:02:32 [study_day14_scrapy01.spiders.itcast] INFO: {'name': '廖老师', 'title': '高级讲师'}
2019-12-08 12:02:32 [study_day14_scrapy01.spiders.itcast] INFO: {'name': '潘老师', 'title': '高级讲师'}
2019-12-08 12:02:32 [study_day14_scrapy01.spiders.itcast] INFO: {'name': '宋老师', 'title': '高级讲师'}
2019-12-08 12:02:32 [study_day14_scrapy01.spiders.itcast] INFO: {'name': '徐老师', 'title': '高级讲师'}
2019-12-08 12:02:32 [study_day14_scrapy01.spiders.itcast] INFO: {'name': '袁老师', 'title': '高级讲师'}
2019-12-08 12:02:32 [scrapy.core.engine] INFO: Closing spider (finished)
2019-12-08 12:02:32 [scrapy.statscollectors] INFO: Dumping Scrapy stats:
{'downloader/request_bytes': 455,
 'downloader/request_count': 2,
 'downloader/request_method_count/GET': 2,
 'downloader/response_bytes': 52624,
 'downloader/response_count': 2,
 'downloader/response_status_count/200': 2,
 'elapsed_time_seconds': 0.547264,
 'finish_reason': 'finished',
 'finish_time': datetime.datetime(2019, 12, 8, 4, 2, 32, 659541),
 'item_scraped_count': 320,
 'log_count/INFO': 330,
 'response_received_count': 2,
 'robotstxt/request_count': 1,
 'robotstxt/response_count': 1,
 'robotstxt/response_status_count/200': 1,
 'scheduler/dequeued': 1,
 'scheduler/dequeued/memory': 1,
 'scheduler/enqueued': 1,
 'scheduler/enqueued/memory': 1,
 'start_time': datetime.datetime(2019, 12, 8, 4, 2, 32, 112277)}
2019-12-08 12:02:32 [scrapy.core.engine] INFO: Spider closed (finished)
